<?xml version="1.0" encoding="UTF-8"?>
<testsuite xmlns:xsi="http://www.w3.org/2001/XMLSchema-instance" xsi:noNamespaceSchemaLocation="https://maven.apache.org/surefire/maven-surefire-plugin/xsd/surefire-test-report-3.0.xsd" version="3.0" name="pryecto_final.demo.DemoApplicationTests" time="2.047" tests="1" errors="0" skipped="0" failures="0">
  <properties>
[...]
</properties>
  <testcase name="contextLoads" classname="pryecto_final.demo.DemoApplicationTests" time="0.646">
    <system-out><![CDATA[12:15:21.009 [main] INFO org.springframework.test.context.support.AnnotationConfigContextLoaderUtils -- Could not detect default configuration classes for test class [pryecto_final.demo.DemoApplicationTests]: DemoApplicationTests does not declare any static, non-private, non-final, nested classes annotated with @Configuration.
12:15:21.096 [main] INFO org.springframework.boot.test.context.SpringBootTestContextBootstrapper -- Found @SpringBootConfiguration pryecto_final.demo.DemoApplication for test class pryecto_final.demo.DemoApplicationTests

  .   ____          _            __ _ _
 /\\ / ___'_ __ _ _(_)_ __  __ _ \ \ \ \
( ( )\___ | '_ | '_| | '_ \/ _` | \ \ \ \
 \\/  ___)| |_)| | | | | || (_| |  ) ) ) )
  '  |____| .__|_| |_|_| |_\__, | / / / /
 =========|_|==============|___/=/_/_/_/

 :: Spring Boot ::                (v3.3.3)

2025-08-22T12:15:21.426-05:00  INFO 25172 --- [demo] [           main] p.demo.DemoApplicationTests              : Starting DemoApplicationTests using Java 23.0.1 with PID 25172 (started by user in c:\Users\user\Documents\ARCHIVOS FRANCO\HTML\PROYECTO_FINAL\BACKEND\demo)
2025-08-22T12:15:21.427-05:00  INFO 25172 --- [demo] [           main] p.demo.DemoApplicationTests              : No active profile set, falling back to 1 default profile: "default"
2025-08-22T12:15:22.065-05:00  INFO 25172 --- [demo] [           main] o.s.b.a.w.s.WelcomePageHandlerMapping    : Adding welcome page template: index
2025-08-22T12:15:22.256-05:00  INFO 25172 --- [demo] [           main] p.demo.DemoApplicationTests              : Started DemoApplicationTests in 1.038 seconds (process running for 1.828)
]]></system-out>
    <system-err><![CDATA[WARNING: A Java agent has been loaded dynamically (C:\Users\user\.m2\repository\net\bytebuddy\byte-buddy-agent\1.14.19\byte-buddy-agent-1.14.19.jar)
WARNING: If a serviceability tool is in use, please run with -XX:+EnableDynamicAgentLoading to hide this warning
WARNING: If a serviceability tool is not in use, please run with -Djdk.instrument.traceUsage for more information
WARNING: Dynamic loading of agents will be disallowed by default in a future release
]]></system-err>
  </testcase>
</testsuite>